This is pdfTeX, Version 3.141592653-2.6-1.40.24 (TeX Live 2022/Arch Linux) (preloaded format=latex 2022.10.22)  22 OCT 2022 21:30
entering extended mode
 restricted \write18 enabled.
 %&-line parsing enabled.
**stn.tex
(./stn.tex
LaTeX2e <2021-11-15> patch level 1
L3 programming layer <2022-04-10>
(/usr/share/texmf-dist/tex/latex/base/article.cls
Document Class: article 2021/10/04 v1.4n Standard LaTeX document class
(/usr/share/texmf-dist/tex/latex/base/size10.clo
File: size10.clo 2021/10/04 v1.4n Standard LaTeX file (size option)
)
\c@part=\count185
\c@section=\count186
\c@subsection=\count187
\c@subsubsection=\count188
\c@paragraph=\count189
\c@subparagraph=\count190
\c@figure=\count191
\c@table=\count192
\abovecaptionskip=\skip47
\belowcaptionskip=\skip48
\bibindent=\dimen138
)
(/usr/share/texmf-dist/tex/latex/amsmath/amsmath.sty
Package: amsmath 2021/10/15 v2.17l AMS math features
\@mathmargin=\skip49

For additional information on amsmath, use the `?' option.
(/usr/share/texmf-dist/tex/latex/amsmath/amstext.sty
Package: amstext 2021/08/26 v2.01 AMS text

(/usr/share/texmf-dist/tex/latex/amsmath/amsgen.sty
File: amsgen.sty 1999/11/30 v2.0 generic functions
\@emptytoks=\toks16
\ex@=\dimen139
))
(/usr/share/texmf-dist/tex/latex/amsmath/amsbsy.sty
Package: amsbsy 1999/11/29 v1.2d Bold Symbols
\pmbraise@=\dimen140
)
(/usr/share/texmf-dist/tex/latex/amsmath/amsopn.sty
Package: amsopn 2021/08/26 v2.02 operator names
)
\inf@bad=\count193
LaTeX Info: Redefining \frac on input line 234.
\uproot@=\count194
\leftroot@=\count195
LaTeX Info: Redefining \overline on input line 399.
\classnum@=\count196
\DOTSCASE@=\count197
LaTeX Info: Redefining \ldots on input line 496.
LaTeX Info: Redefining \dots on input line 499.
LaTeX Info: Redefining \cdots on input line 620.
\Mathstrutbox@=\box50
\strutbox@=\box51
\big@size=\dimen141
LaTeX Font Info:    Redeclaring font encoding OML on input line 743.
LaTeX Font Info:    Redeclaring font encoding OMS on input line 744.
\macc@depth=\count198
\c@MaxMatrixCols=\count199
\dotsspace@=\muskip16
\c@parentequation=\count266
\dspbrk@lvl=\count267
\tag@help=\toks17
\row@=\count268
\column@=\count269
\maxfields@=\count270
\andhelp@=\toks18
\eqnshift@=\dimen142
\alignsep@=\dimen143
\tagshift@=\dimen144
\tagwidth@=\dimen145
\totwidth@=\dimen146
\lineht@=\dimen147
\@envbody=\toks19
\multlinegap=\skip50
\multlinetaggap=\skip51
\mathdisplay@stack=\toks20
LaTeX Info: Redefining \[ on input line 2938.
LaTeX Info: Redefining \] on input line 2939.
)
(/usr/share/texmf-dist/tex/latex/l3backend/l3backend-dvips.def
File: l3backend-dvips.def 2022-04-14 L3 backend support: dvips
\l__pdf_internal_box=\box52
\g__pdf_backend_object_int=\count271
\l__pdf_backend_content_box=\box53
\l__pdf_backend_model_box=\box54
\g__pdf_backend_annotation_int=\count272
\g__pdf_backend_link_int=\count273
\g__pdf_backend_link_sf_int=\count274
) (./stn.aux)
\openout1 = `stn.aux'.

LaTeX Font Info:    Checking defaults for OML/cmm/m/it on input line 3.
LaTeX Font Info:    ... okay on input line 3.
LaTeX Font Info:    Checking defaults for OMS/cmsy/m/n on input line 3.
LaTeX Font Info:    ... okay on input line 3.
LaTeX Font Info:    Checking defaults for OT1/cmr/m/n on input line 3.
LaTeX Font Info:    ... okay on input line 3.
LaTeX Font Info:    Checking defaults for T1/cmr/m/n on input line 3.
LaTeX Font Info:    ... okay on input line 3.
LaTeX Font Info:    Checking defaults for TS1/cmr/m/n on input line 3.
LaTeX Font Info:    ... okay on input line 3.
LaTeX Font Info:    Checking defaults for OMX/cmex/m/n on input line 3.
LaTeX Font Info:    ... okay on input line 3.
LaTeX Font Info:    Checking defaults for U/cmr/m/n on input line 3.
LaTeX Font Info:    ... okay on input line 3.
LaTeX Font Info:    Font shape `OT1/cmtt/bx/n' in size <10> not available
(Font)              Font shape `OT1/cmtt/m/n' tried instead on input line 5.

Overfull \hbox (22.4968pt too wide) in paragraph at lines 5--19
\OT1/cmtt/m/n/10 Split triplex numbers are a number system in which numbers are
 defined
 []


Underfull \hbox (badness 10000) in paragraph at lines 5--19

 []


Overfull \hbox (43.87067pt too wide) detected at line 23
\OT1/cmr/m/n/10 (\OML/cmm/m/it/10 a[] \OT1/cmr/m/n/10 + \OML/cmm/m/it/10 b[]i \
OT1/cmr/m/n/10 + \OML/cmm/m/it/10 c[]j\OT1/cmr/m/n/10 )(\OML/cmm/m/it/10 a[] \O
T1/cmr/m/n/10 + \OML/cmm/m/it/10 b[]i \OT1/cmr/m/n/10 + \OML/cmm/m/it/10 c[]j\O
T1/cmr/m/n/10 ) = (\OML/cmm/m/it/10 a[]a[] \OT1/cmr/m/n/10 + \OML/cmm/m/it/10 b
[]c[] \OT1/cmr/m/n/10 + \OML/cmm/m/it/10 c[]b[]\OT1/cmr/m/n/10 ) + (\OML/cmm/m/
it/10 a[]b[] \OT1/cmr/m/n/10 + \OML/cmm/m/it/10 b[]a[] \OT1/cmr/m/n/10 + \OML/c
mm/m/it/10 c[]c[]\OT1/cmr/m/n/10 )\OML/cmm/m/it/10 i \OT1/cmr/m/n/10 + (\OML/cm
m/m/it/10 a[]c[] \OT1/cmr/m/n/10 + \OML/cmm/m/it/10 b[]b[] \OT1/cmr/m/n/10 + \O
ML/cmm/m/it/10 c[]a[]\OT1/cmr/m/n/10 )\OML/cmm/m/it/10 j
 []


Underfull \hbox (badness 10000) in paragraph at lines 33--55

 []


Underfull \hbox (badness 10000) in paragraph at lines 33--55

 []

[1

] (./stn.aux) ) 
Here is how much of TeX's memory you used:
 1130 strings out of 478239
 17524 string characters out of 5850481
 329084 words of memory out of 5000000
 19433 multiletter control sequences out of 15000+600000
 469881 words of font info for 31 fonts, out of 8000000 for 9000
 1141 hyphenation exceptions out of 8191
 54i,8n,62p,218b,124s stack positions out of 5000i,500n,10000p,200000b,80000s

Output written on stn.dvi (1 page, 4688 bytes).
